{
  "RSpec": {
    "coverage": {
      "/Users/davidslv/projects/personal/replay_gaming/spec/support/table_shared_examples.rb": [
        1,
        4,
        4,
        null,
        null,
        1,
        6,
        18,
        12,
        12,
        null,
        null,
        6,
        18,
        12,
        12,
        null,
        null,
        6,
        18,
        12,
        12,
        null,
        null,
        null,
        null,
        1,
        6,
        6,
        12,
        null,
        null,
        6,
        6,
        6,
        null,
        null,
        12,
        null,
        null,
        6,
        6,
        null,
        18,
        null,
        null,
        12,
        null,
        null,
        null
      ],
      "/Users/davidslv/projects/personal/replay_gaming/poker_table/card.rb": [
        1,
        null,
        1,
        3857,
        3857,
        null,
        null,
        1,
        100,
        null,
        null
      ],
      "/Users/davidslv/projects/personal/replay_gaming/spec/deck_spec.rb": [
        1,
        1,
        null,
        1,
        7,
        null,
        1,
        3,
        null,
        2,
        null,
        1,
        1,
        1,
        1,
        null,
        null,
        null,
        null,
        1,
        3,
        null,
        2,
        null,
        1,
        1,
        1,
        1,
        null,
        null,
        null,
        null,
        1,
        3,
        null,
        2,
        null,
        1,
        1,
        1,
        1,
        null,
        null,
        null,
        null,
        1,
        1,
        2,
        null,
        null,
        null,
        null
      ],
      "/Users/davidslv/projects/personal/replay_gaming/poker_table/deck.rb": [
        1,
        1,
        1,
        null,
        1,
        null,
        1,
        null,
        1,
        85,
        null,
        68,
        null,
        16,
        null,
        1,
        null,
        null,
        null,
        1,
        99,
        99,
        null,
        null,
        1,
        null,
        1,
        null,
        3856,
        84,
        null,
        null
      ],
      "/Users/davidslv/projects/personal/replay_gaming/spec/poker_table_spec.rb": [
        1,
        null,
        1,
        null,
        1,
        79,
        null,
        1,
        null,
        1,
        8,
        1,
        1,
        1,
        null,
        2,
        null,
        1,
        1,
        1,
        null,
        null,
        null,
        1,
        8,
        1,
        1,
        null,
        2,
        2,
        2,
        null,
        1,
        1,
        1,
        null,
        null,
        null,
        null,
        1,
        1,
        8,
        1,
        1,
        1,
        null,
        2,
        null,
        1,
        1,
        1,
        null,
        null,
        null,
        1,
        8,
        1,
        1,
        null,
        2,
        2,
        2,
        null,
        1,
        1,
        1,
        null,
        null,
        null,
        null,
        1,
        1,
        8,
        1,
        1,
        null,
        2,
        2,
        2,
        null,
        1,
        1,
        1,
        null,
        null,
        null,
        1,
        8,
        1,
        1,
        null,
        2,
        2,
        2,
        null,
        1,
        1,
        1,
        null,
        null,
        null,
        null,
        null
      ],
      "/Users/davidslv/projects/personal/replay_gaming/poker_table.rb": [
        1,
        1,
        1,
        null,
        1,
        null,
        1,
        null,
        1,
        78,
        null,
        null,
        null,
        null,
        null,
        78,
        78,
        78,
        78,
        78,
        null,
        78,
        null,
        null,
        1,
        12,
        null,
        null,
        1,
        36,
        null,
        null,
        null,
        null,
        null,
        null,
        null,
        null,
        null,
        null,
        null,
        null,
        null,
        null,
        null,
        null,
        null,
        null,
        null,
        null,
        null,
        null,
        null,
        1,
        18,
        null,
        12,
        null,
        6,
        null,
        null,
        null,
        1,
        18,
        null,
        6,
        null,
        6,
        null,
        6,
        null,
        null,
        null
      ],
      "/Users/davidslv/projects/personal/replay_gaming/poker_table/dealer.rb": [
        1,
        null,
        1,
        78,
        78,
        null,
        null,
        1,
        12,
        12,
        0,
        null,
        36,
        null,
        null,
        12,
        null,
        null,
        1,
        36,
        72,
        null,
        18,
        null,
        null,
        36,
        null,
        null,
        null,
        null,
        1,
        null,
        1,
        12,
        null,
        null,
        1,
        36,
        null,
        null,
        1,
        18,
        null,
        null,
        1,
        6,
        null,
        null
      ]
    },
    "timestamp": 1399360846
  }
}
